<?xml version="1.0" encoding="UTF-8"?>
<testng-results ignored="0" total="5" passed="4" failed="1" skipped="0">
  <reporter-output>
  </reporter-output>
  <suite started-at="2025-04-06T19:57:12 MSK" name="Demo Suite" finished-at="2025-04-06T19:59:34 MSK" duration-ms="142536">
    <groups>
    </groups>
    <test started-at="2025-04-06T19:57:12 MSK" name="Sample Tests" finished-at="2025-04-06T19:59:34 MSK" duration-ms="142536">
      <class name="tests.SampleTest">
        <test-method is-config="true" signature="setUpSuite()[pri:0, instance:tests.SampleTest@31368b99]" started-at="2025-04-06T19:57:11 MSK" name="setUpSuite" finished-at="2025-04-06T19:57:12 MSK" duration-ms="221" status="PASS">
          <reporter-output>
          </reporter-output>
        </test-method> <!-- setUpSuite -->
        <test-method is-config="true" signature="setUp(java.lang.reflect.Method)[pri:0, instance:tests.SampleTest@31368b99]" started-at="2025-04-06T19:57:12 MSK" name="setUp" finished-at="2025-04-06T19:57:15 MSK" duration-ms="3505" status="PASS">
          <params>
            <param index="0">
              <value>
                <![CDATA[public void tests.SampleTest.openGoogle()]]>
              </value>
            </param>
          </params>
          <reporter-output>
          </reporter-output>
        </test-method> <!-- setUp -->
        <test-method signature="openGoogle()[pri:0, instance:tests.SampleTest@31368b99]" started-at="2025-04-06T19:57:15 MSK" name="openGoogle" finished-at="2025-04-06T19:57:17 MSK" duration-ms="1970" status="PASS">
          <reporter-output>
          </reporter-output>
        </test-method> <!-- openGoogle -->
        <test-method is-config="true" signature="tearDown(org.testng.ITestResult)[pri:0, instance:tests.SampleTest@31368b99]" started-at="2025-04-06T19:57:17 MSK" name="tearDown" finished-at="2025-04-06T19:57:17 MSK" duration-ms="380" status="PASS">
          <params>
            <param index="0">
              <value>
                <![CDATA[[TestResult name=openGoogle status=SUCCESS method=SampleTest.openGoogle()[pri:0, instance:tests.SampleTest@31368b99] output={null}]]]>
              </value>
            </param>
          </params>
          <reporter-output>
          </reporter-output>
        </test-method> <!-- tearDown -->
        <test-method is-config="true" signature="tearDownSuite()[pri:0, instance:tests.SampleTest@31368b99]" started-at="2025-04-06T19:59:34 MSK" name="tearDownSuite" finished-at="2025-04-06T19:59:35 MSK" duration-ms="564" status="PASS">
          <reporter-output>
          </reporter-output>
        </test-method> <!-- tearDownSuite -->
      </class> <!-- tests.SampleTest -->
      <class name="tests.ThisTestWillDefinitelyFail">
        <test-method is-config="true" signature="setUp(java.lang.reflect.Method)[pri:0, instance:tests.ThisTestWillDefinitelyFail@76508ed1]" started-at="2025-04-06T19:57:17 MSK" name="setUp" finished-at="2025-04-06T19:57:19 MSK" duration-ms="1165" status="PASS">
          <params>
            <param index="0">
              <value>
                <![CDATA[public void tests.ThisTestWillDefinitelyFail.elementShouldBePresentButIsNot()]]>
              </value>
            </param>
          </params>
          <reporter-output>
          </reporter-output>
        </test-method> <!-- setUp -->
        <test-method signature="elementShouldBePresentButIsNot()[pri:0, instance:tests.ThisTestWillDefinitelyFail@76508ed1]" started-at="2025-04-06T19:57:19 MSK" name="elementShouldBePresentButIsNot" finished-at="2025-04-06T19:57:21 MSK" duration-ms="1986" status="FAIL">
          <exception class="org.openqa.selenium.NoSuchElementException">
            <message>
              <![CDATA[no such element: Unable to locate element: {"method":"css selector","selector":"#nonexistent\-element"}
  (Session info: chrome=135.0.7049.41)
For documentation on this error, please visit: https://www.selenium.dev/documentation/webdriver/troubleshooting/errors#no-such-element-exception
Build info: version: '4.20.0', revision: '866c76ca80'
System info: os.name: 'Windows 11', os.arch: 'amd64', os.version: '10.0', java.version: '24'
Driver info: org.openqa.selenium.chrome.ChromeDriver
Command: [7b13503407fced8eac3a7c63d142b305, findElement {value=nonexistent-element, using=id}]
Capabilities {acceptInsecureCerts: false, browserName: chrome, browserVersion: 135.0.7049.41, chrome: {chromedriverVersion: 135.0.7049.42 (0f351bbd2617..., userDataDir: C:\Users\iammi\AppData\Loca...}, fedcm:accounts: true, goog:chromeOptions: {debuggerAddress: localhost:62429}, networkConnectionEnabled: false, pageLoadStrategy: normal, platformName: windows, proxy: Proxy(), se:cdp: ws://localhost:62429/devtoo..., se:cdpVersion: 135.0.7049.41, setWindowRect: true, strictFileInteractability: false, timeouts: {implicit: 0, pageLoad: 300000, script: 30000}, unhandledPromptBehavior: dismiss and notify, webauthn:extension:credBlob: true, webauthn:extension:largeBlob: true, webauthn:extension:minPinLength: true, webauthn:extension:prf: true, webauthn:virtualAuthenticators: true}
Session ID: 7b13503407fced8eac3a7c63d142b305]]>
            </message>
            <full-stacktrace>
              <![CDATA[org.openqa.selenium.NoSuchElementException: no such element: Unable to locate element: {"method":"css selector","selector":"#nonexistent\-element"}
  (Session info: chrome=135.0.7049.41)
For documentation on this error, please visit: https://www.selenium.dev/documentation/webdriver/troubleshooting/errors#no-such-element-exception
Build info: version: '4.20.0', revision: '866c76ca80'
System info: os.name: 'Windows 11', os.arch: 'amd64', os.version: '10.0', java.version: '24'
Driver info: org.openqa.selenium.chrome.ChromeDriver
Command: [7b13503407fced8eac3a7c63d142b305, findElement {value=nonexistent-element, using=id}]
Capabilities {acceptInsecureCerts: false, browserName: chrome, browserVersion: 135.0.7049.41, chrome: {chromedriverVersion: 135.0.7049.42 (0f351bbd2617..., userDataDir: C:\Users\iammi\AppData\Loca...}, fedcm:accounts: true, goog:chromeOptions: {debuggerAddress: localhost:62429}, networkConnectionEnabled: false, pageLoadStrategy: normal, platformName: windows, proxy: Proxy(), se:cdp: ws://localhost:62429/devtoo..., se:cdpVersion: 135.0.7049.41, setWindowRect: true, strictFileInteractability: false, timeouts: {implicit: 0, pageLoad: 300000, script: 30000}, unhandledPromptBehavior: dismiss and notify, webauthn:extension:credBlob: true, webauthn:extension:largeBlob: true, webauthn:extension:minPinLength: true, webauthn:extension:prf: true, webauthn:virtualAuthenticators: true}
Session ID: 7b13503407fced8eac3a7c63d142b305
at java.base/jdk.internal.reflect.DirectConstructorHandleAccessor.newInstance(DirectConstructorHandleAccessor.java:62)
at java.base/java.lang.reflect.Constructor.newInstanceWithCaller(Constructor.java:499)
at java.base/java.lang.reflect.Constructor.newInstance(Constructor.java:483)
at org.openqa.selenium.remote.ErrorCodec.decode(ErrorCodec.java:167)
at org.openqa.selenium.remote.codec.w3c.W3CHttpResponseCodec.decode(W3CHttpResponseCodec.java:138)
at org.openqa.selenium.remote.codec.w3c.W3CHttpResponseCodec.decode(W3CHttpResponseCodec.java:50)
at org.openqa.selenium.remote.HttpCommandExecutor.execute(HttpCommandExecutor.java:190)
at org.openqa.selenium.remote.service.DriverCommandExecutor.invokeExecute(DriverCommandExecutor.java:216)
at org.openqa.selenium.remote.service.DriverCommandExecutor.execute(DriverCommandExecutor.java:174)
at org.openqa.selenium.remote.RemoteWebDriver.execute(RemoteWebDriver.java:518)
at org.openqa.selenium.remote.ElementLocation$ElementFinder$2.findElement(ElementLocation.java:165)
at org.openqa.selenium.remote.ElementLocation.findElement(ElementLocation.java:66)
at org.openqa.selenium.remote.RemoteWebDriver.findElement(RemoteWebDriver.java:355)
at org.openqa.selenium.remote.RemoteWebDriver.findElement(RemoteWebDriver.java:349)
at tests.ThisTestWillDefinitelyFail.elementShouldBePresentButIsNot(ThisTestWillDefinitelyFail.java:13)
at java.base/jdk.internal.reflect.DirectMethodHandleAccessor.invoke(DirectMethodHandleAccessor.java:104)
at java.base/java.lang.reflect.Method.invoke(Method.java:565)
at org.testng.internal.invokers.MethodInvocationHelper.invokeMethod(MethodInvocationHelper.java:141)
at org.testng.internal.invokers.TestInvoker.invokeMethod(TestInvoker.java:686)
at org.testng.internal.invokers.TestInvoker.invokeTestMethod(TestInvoker.java:230)
at org.testng.internal.invokers.MethodRunner.runInSequence(MethodRunner.java:63)
at org.testng.internal.invokers.TestInvoker$MethodInvocationAgent.invoke(TestInvoker.java:992)
at org.testng.internal.invokers.TestInvoker.invokeTestMethods(TestInvoker.java:203)
at org.testng.internal.invokers.TestMethodWorker.invokeTestMethods(TestMethodWorker.java:154)
at org.testng.internal.invokers.TestMethodWorker.run(TestMethodWorker.java:134)
at java.base/java.util.ArrayList.forEach(ArrayList.java:1604)
at org.testng.TestRunner.privateRun(TestRunner.java:739)
at org.testng.TestRunner.run(TestRunner.java:614)
at org.testng.SuiteRunner.runTest(SuiteRunner.java:421)
at org.testng.SuiteRunner.runSequentially(SuiteRunner.java:413)
at org.testng.SuiteRunner.privateRun(SuiteRunner.java:373)
at org.testng.SuiteRunner.run(SuiteRunner.java:312)
at org.testng.SuiteRunnerWorker.runSuite(SuiteRunnerWorker.java:52)
at org.testng.SuiteRunnerWorker.run(SuiteRunnerWorker.java:95)
at org.testng.TestNG.runSuitesSequentially(TestNG.java:1274)
at org.testng.TestNG.runSuitesLocally(TestNG.java:1208)
at org.testng.TestNG.runSuites(TestNG.java:1112)
at org.testng.TestNG.run(TestNG.java:1079)
at org.apache.maven.surefire.testng.TestNGExecutor.run(TestNGExecutor.java:308)
at org.apache.maven.surefire.testng.TestNGXmlTestSuite.execute(TestNGXmlTestSuite.java:71)
at org.apache.maven.surefire.testng.TestNGProvider.invoke(TestNGProvider.java:113)
at org.apache.maven.surefire.booter.ForkedBooter.runSuitesInProcess(ForkedBooter.java:385)
at org.apache.maven.surefire.booter.ForkedBooter.execute(ForkedBooter.java:162)
at org.apache.maven.surefire.booter.ForkedBooter.run(ForkedBooter.java:507)
at org.apache.maven.surefire.booter.ForkedBooter.main(ForkedBooter.java:495)
]]>
            </full-stacktrace>
          </exception> <!-- org.openqa.selenium.NoSuchElementException -->
          <reporter-output>
          </reporter-output>
        </test-method> <!-- elementShouldBePresentButIsNot -->
        <test-method is-config="true" signature="tearDown(org.testng.ITestResult)[pri:0, instance:tests.ThisTestWillDefinitelyFail@76508ed1]" started-at="2025-04-06T19:57:21 MSK" name="tearDown" finished-at="2025-04-06T19:57:21 MSK" duration-ms="249" status="PASS">
          <params>
            <param index="0">
              <value>
                <![CDATA[[TestResult name=elementShouldBePresentButIsNot status=FAILURE method=ThisTestWillDefinitelyFail.elementShouldBePresentButIsNot()[pri:0, instance:tests.ThisTestWillDefinitelyFail@76508ed1] output={null}]]]>
              </value>
            </param>
          </params>
          <reporter-output>
          </reporter-output>
        </test-method> <!-- tearDown -->
      </class> <!-- tests.ThisTestWillDefinitelyFail -->
      <class name="tests.GoogleSearchSuccessTest">
        <test-method is-config="true" signature="setUp(java.lang.reflect.Method)[pri:0, instance:tests.GoogleSearchSuccessTest@41e36e46]" started-at="2025-04-06T19:57:21 MSK" name="setUp" finished-at="2025-04-06T19:57:22 MSK" duration-ms="1067" status="PASS">
          <params>
            <param index="0">
              <value>
                <![CDATA[public void tests.GoogleSearchSuccessTest.searchInGoogle(java.lang.String)]]>
              </value>
            </param>
          </params>
          <reporter-output>
          </reporter-output>
        </test-method> <!-- setUp -->
        <test-method signature="searchInGoogle(java.lang.String)[pri:0, instance:tests.GoogleSearchSuccessTest@41e36e46]" started-at="2025-04-06T19:57:22 MSK" name="searchInGoogle" data-provider="searchQueries" finished-at="2025-04-06T19:58:06 MSK" duration-ms="43826" status="PASS">
          <params>
            <param index="0">
              <value>
                <![CDATA[apple]]>
              </value>
            </param>
          </params>
          <reporter-output>
          </reporter-output>
        </test-method> <!-- searchInGoogle -->
        <test-method is-config="true" signature="tearDown(org.testng.ITestResult)[pri:0, instance:tests.GoogleSearchSuccessTest@41e36e46]" started-at="2025-04-06T19:58:06 MSK" name="tearDown" finished-at="2025-04-06T19:58:06 MSK" duration-ms="254" status="PASS">
          <params>
            <param index="0">
              <value>
                <![CDATA[[TestResult name=searchInGoogle status=SUCCESS method=GoogleSearchSuccessTest.searchInGoogle(java.lang.String)[pri:0, instance:tests.GoogleSearchSuccessTest@41e36e46] output={null}]]]>
              </value>
            </param>
          </params>
          <reporter-output>
          </reporter-output>
        </test-method> <!-- tearDown -->
        <test-method is-config="true" signature="setUp(java.lang.reflect.Method)[pri:0, instance:tests.GoogleSearchSuccessTest@41e36e46]" started-at="2025-04-06T19:58:06 MSK" name="setUp" finished-at="2025-04-06T19:58:07 MSK" duration-ms="1078" status="PASS">
          <params>
            <param index="0">
              <value>
                <![CDATA[public void tests.GoogleSearchSuccessTest.searchInGoogle(java.lang.String)]]>
              </value>
            </param>
          </params>
          <reporter-output>
          </reporter-output>
        </test-method> <!-- setUp -->
        <test-method signature="searchInGoogle(java.lang.String)[pri:0, instance:tests.GoogleSearchSuccessTest@41e36e46]" started-at="2025-04-06T19:58:07 MSK" name="searchInGoogle" data-provider="searchQueries" finished-at="2025-04-06T19:58:51 MSK" duration-ms="44008" status="PASS">
          <params>
            <param index="0">
              <value>
                <![CDATA[banana]]>
              </value>
            </param>
          </params>
          <reporter-output>
          </reporter-output>
        </test-method> <!-- searchInGoogle -->
        <test-method is-config="true" signature="tearDown(org.testng.ITestResult)[pri:0, instance:tests.GoogleSearchSuccessTest@41e36e46]" started-at="2025-04-06T19:58:51 MSK" name="tearDown" finished-at="2025-04-06T19:58:51 MSK" duration-ms="188" status="PASS">
          <params>
            <param index="0">
              <value>
                <![CDATA[[TestResult name=searchInGoogle status=SUCCESS method=GoogleSearchSuccessTest.searchInGoogle(java.lang.String)[pri:0, instance:tests.GoogleSearchSuccessTest@41e36e46] output={null}]]]>
              </value>
            </param>
          </params>
          <reporter-output>
          </reporter-output>
        </test-method> <!-- tearDown -->
        <test-method is-config="true" signature="setUp(java.lang.reflect.Method)[pri:0, instance:tests.GoogleSearchSuccessTest@41e36e46]" started-at="2025-04-06T19:58:51 MSK" name="setUp" finished-at="2025-04-06T19:58:52 MSK" duration-ms="999" status="PASS">
          <params>
            <param index="0">
              <value>
                <![CDATA[public void tests.GoogleSearchSuccessTest.searchInGoogle(java.lang.String)]]>
              </value>
            </param>
          </params>
          <reporter-output>
          </reporter-output>
        </test-method> <!-- setUp -->
        <test-method signature="searchInGoogle(java.lang.String)[pri:0, instance:tests.GoogleSearchSuccessTest@41e36e46]" started-at="2025-04-06T19:58:52 MSK" name="searchInGoogle" data-provider="searchQueries" finished-at="2025-04-06T19:59:34 MSK" duration-ms="41571" status="PASS">
          <params>
            <param index="0">
              <value>
                <![CDATA[orange]]>
              </value>
            </param>
          </params>
          <reporter-output>
          </reporter-output>
        </test-method> <!-- searchInGoogle -->
        <test-method is-config="true" signature="tearDown(org.testng.ITestResult)[pri:0, instance:tests.GoogleSearchSuccessTest@41e36e46]" started-at="2025-04-06T19:59:34 MSK" name="tearDown" finished-at="2025-04-06T19:59:34 MSK" duration-ms="214" status="PASS">
          <params>
            <param index="0">
              <value>
                <![CDATA[[TestResult name=searchInGoogle status=SUCCESS method=GoogleSearchSuccessTest.searchInGoogle(java.lang.String)[pri:0, instance:tests.GoogleSearchSuccessTest@41e36e46] output={null}]]]>
              </value>
            </param>
          </params>
          <reporter-output>
          </reporter-output>
        </test-method> <!-- tearDown -->
      </class> <!-- tests.GoogleSearchSuccessTest -->
    </test> <!-- Sample Tests -->
  </suite> <!-- Demo Suite -->
</testng-results>
